

> @vben-core/tabs-ui@5.5.7 build /Users/hepeichun/Code/cnb.cool/mliev/dwz/dwz-admin-webui/packages/@core/ui-kit/tabs-ui
> pnpm unbuild

[36mℹ[39m [36mBuilding tabs-ui[39m                                                                                                                                                                                                                             [90m11:36:15 AM[39m
[36mℹ[39m Cleaning dist directory: [36m./dist[39m                                                                                                                                                                                                              [90m11:36:15 AM[39m
[mkdist] vue-sfc-transformer is not installed. mkdist will not transform typescript syntax in Vue SFCs.
[32m✔[39m [32mBuild succeeded for tabs-ui[39m                                                                                                                                                                                                                  [90m11:36:16 AM[39m
  [1mdist[22m (total size: [36m15 kB[39m)                                                                                                                                                                                                                      [90m11:36:16 AM[39m
[90m  └─ dist/tabs-view.vue[1m (2.63 kB)[22m[39m
[90m  └─ dist/components/tabs-chrome/tabs.vue[1m (6.36 kB)[22m[39m
[90m  └─ dist/components/tabs/tabs.vue[1m (4.91 kB)[22m[39m
[90m  └─ dist/components/widgets/tool-more.vue[1m (556 B)[22m[39m
[90m  └─ dist/components/widgets/tool-screen.vue[1m (515 B)[22m[39m
  [1mdist[22m (total size: [36m9.49 kB[39m)                                                                                                                                                                                                                    [90m11:36:16 AM[39m
[90m  └─ dist/types.mjs[39m
[90m  └─ dist/use-tabs-view-scroll.d.ts[1m (571 B)[22m[39m
[90m  └─ dist/use-tabs-view-scroll.mjs[1m (3.92 kB)[22m[39m
[90m  └─ dist/index.mjs[1m (103 B)[22m[39m
[90m  └─ dist/components/widgets/index.d.ts[1m (122 B)[22m[39m
[90m  └─ dist/use-tabs-drag.mjs[1m (2.69 kB)[22m[39m
[90m  └─ dist/use-tabs-drag.d.ts[1m (171 B)[22m[39m
[90m  └─ dist/index.d.ts[1m (155 B)[22m[39m
[90m  └─ dist/components/widgets/index.mjs[1m (122 B)[22m[39m
[90m  └─ dist/types.d.ts[1m (1.4 kB)[22m[39m
[90m  └─ dist/components/index.d.ts[1m (115 B)[22m[39m
[90m  └─ dist/components/index.mjs[1m (115 B)[22m[39m
Σ Total dist size (byte size): [36m24.5 kB[39m
                                                                                                                                                                                                                                                [90m11:36:16 AM[39m
